val ref: [['стеклянная', 'банка', 'из', 'капуста', '<unk>', '<unk>', 'с', 'изображением', 'капусты', 'посередине', '.']]
val hyp: ['банна', 'ярлык', ',', 'в', 'пластиковом', 'поле']
Epoch: 1, train_loss: 0.5734188430223673, val_loss: 0.01853872439265251, val_bleu-2: 0.027003533772608165
val ref: [['человек', 'с', 'красной', 'рубашкой', 'с', 'открытой', 'книгой', 'и', 'стоящей', 'за', 'столом', 'с', 'большими', 'книгами']]
val hyp: ['в', 'комнате', 'в', 'спальне', 'есть', 'телевизор', 'в', 'гостиной', '.']
Epoch: 2, train_loss: 0.442012834128562, val_loss: 0.017114908009767532, val_bleu-2: 0.031432120675745176
val ref: [['женщины', 'в', 'черном', 'стойке', 'и', '<unk>', '.']]
val hyp: ['две', 'девушки', ',', 'идущие', 'по', 'улице', '.']
Epoch: 3, train_loss: 0.4088003684175937, val_loss: 0.01666653370857239, val_bleu-2: 0.03191500567526503
val ref: [['белый', 'кухонный', '<unk>', ',', 'сидящий', 'на', 'стойке', ',', 'окруженный', 'беспорядком', '.']]
val hyp: ['банка', 'супа', 'кэмпбелла', 'на', 'кухонной', 'столешнице']
Epoch: 4, train_loss: 0.38776017993865125, val_loss: 0.016658301204442977, val_bleu-2: 0.038274469152330994
val ref: [['картина', 'еды', 'на', 'упаковке', '.']]
val hyp: ['желтая', 'банка', 'зеленой', 'краски', 'сидит', 'на', 'ковре', '.']
Epoch: 5, train_loss: 0.37207547934385904, val_loss: 0.016640883654356002, val_bleu-2: 0.03649280232837619
val ref: [['группа', 'людей', 'находится', 'в', 'переполненном', 'метро', '.']]
val hyp: ['двое', 'друзей', 'в', 'поезде', ',', '.', '.']
Epoch: 6, train_loss: 0.3591399024213433, val_loss: 0.016785829663276672, val_bleu-2: 0.03619003650886507
val ref: [['есть', 'татуированный', 'мужчина', ',', 'пьющий', 'из', 'оранжевого', 'контейнера', ',', 'сидя', 'на', 'велосипеде', ',', 'прикрепленном', 'к', 'шесту', ',', '<unk>', 'кабелями', 'рядом', 'с', '<unk>', 'в', 'ясный', 'день', '.']]
val hyp: ['грязный', 'альпинист', 'вместе', 'очень', 'быстро', '.']
Epoch: 7, train_loss: 0.3486385659205388, val_loss: 0.017545967206358908, val_bleu-2: 0.0345850423776718
val ref: [['банка', 'из', 'черной', 'фасоли', 'в', 'стиле', 'ранчо', ',', 'банка', 'бобов', 'в', 'стиле', 'ранчо', 'и', 'замороженные', 'cheerios', 'на', 'кухонном', 'столе', '.']]
val hyp: ['банка', 'приправы', 'и', 'кофеварка', 'на', 'стойке', '.']
Epoch: 8, train_loss: 0.33992742138829596, val_loss: 0.01687907640635967, val_bleu-2: 0.03640475747370535
val ref: [['мужчина', 'и', 'женщина', 'с', 'белыми', 'шляпами', 'пересекают', 'улицу', 'напротив', 'двух', 'красивых', 'белых', 'деревьев', '<unk>', '.']]
val hyp: ['мужчина', 'в', 'коричневой', 'куртке', 'говорит', 'с', 'палкой', ',', 'проходя', 'через', 'мимо', 'деревьев', ',', 'в', 'то', 'время', 'как', 'две', 'молодые', 'пожилые', 'девушки', 'ждут', 'на', 'другой', 'стороне', 'городского', 'дома', 'и', 'разговаривают', '.']
Epoch: 9, train_loss: 0.33258680782464645, val_loss: 0.017162346333265306, val_bleu-2: 0.04097137447375959
val ref: [['открытая', 'и', 'пустая', 'обертка', 'в', 'чашку', '<unk>']]
val hyp: ['контейнер', '/', 'пакет', ',', 'который', 'содержит', 'различные', 'товары', '/', 'съедобные', '/', 'жидкие', 'предметы', '.']
Epoch: 10, train_loss: 0.32628864782280675, val_loss: 0.017204791024327277, val_bleu-2: 0.04014155087078291
val ref: [['два', 'велосипедиста', 'мчатся', 'по', 'улице', '.']]
val hyp: ['байкер', 'наклоняет', 'тележку', '.', 'неся', 'водную', '.', ',', 'а', 'на', 'потолке', 'есть', '.', '.']
Epoch: 11, train_loss: 0.32041633041125234, val_loss: 0.01747010935842991, val_bleu-2: 0.03784117269604124
val ref: [['белая', 'леди', ',', 'говорящая', 'на', 'микрофон', '.']]
val hyp: ['журнал', 'с', 'изображением', 'человека', ',', 'сидящего', 'на', 'стойке', '.']
Epoch: 12, train_loss: 0.31566761503591223, val_loss: 0.01713097535073757, val_bleu-2: 0.04243254654156622
val ref: [['детская', 'игрушка', 'с', 'фруктами', 'и', '<unk>', 'колышками', 'со', 'словами', 'на', 'них', '.']]
val hyp: ['художественная', 'коробка', 'на', 'столе', '<unk>', 'наполненном', 'клетчатой', '\u200b\u200bтканью', '.']
Epoch: 13, train_loss: 0.3114380505527668, val_loss: 0.017714727208018304, val_bleu-2: 0.043286865381333146
val ref: [['мальчик', 'играет', 'на', 'металлических', 'барах']]
val hyp: ['дети', 'готовятся', 'попасть', '<unk>', '<unk>', '<unk>']
Epoch: 14, train_loss: 0.307496110293897, val_loss: 0.0175275934189558, val_bleu-2: 0.043384582923184756
val ref: [['белая', 'потолочная', 'плитка', 'с', 'установленным', 'белым', 'вентилятором', 'из', 'трех', '<unk>']]
val hyp: ['экран', 'ноутбука', ',', 'показывающий', 'линию', '<unk>', '<unk>', '<unk>', '.', '<unk>', '»', 'также', '<unk>', '<unk>', '<unk>', '<unk>', '<unk>', '<unk>', '<unk>', '<unk>', 'светом', ',', '<unk>', '<unk>', '<unk>', '<unk>', '<unk>', '<unk>', '»', '<unk>', '<unk>', ',', '.', '<unk>', '<unk>', '<unk>', '<unk>', ',', '«', '»', 'и', 'чтения', '<unk>', '7']
Epoch: 15, train_loss: 0.30403586209747185, val_loss: 0.01811944940686226, val_bleu-2: 0.04359906763733047
val ref: [['телефон', 'nokia', 'с', 'коричневым', 'цветом', ',', 'расположенный', 'на', 'красной', 'поверхности']]
val hyp: ['передняя', 'сторона', 'черного', 'устройства', ',', 'показывая', 'всю', 'наклейку']
Epoch: 16, train_loss: 0.30097695230135696, val_loss: 0.018077951729297638, val_bleu-2: 0.03569011349346365
val ref: [['экран', 'компьютера', 'отображается', 'под', 'углом', 'с', 'всплывающим', 'окном', 'на', 'экране', '.']]
val hyp: ['часть', 'монитора', 'компьютера', 'в', 'сине', '<unk>', 'цвете', '<unk>', '.']
Epoch: 17, train_loss: 0.29817663415885776, val_loss: 0.018597092404961588, val_bleu-2: 0.02571584857411563
val ref: [['пачка', 'темно', '-синей', '<unk>', 'пряжи', ',', 'которая', 'имеет', 'три', 'тысячи', 'узоров', 'внутри', 'нее']]
val hyp: ['банка', 'сливок', 'из', 'супа', 'кэмпбелла']
Epoch: 18, train_loss: 0.2955844479356815, val_loss: 0.018622060716152192, val_bleu-2: 0.013677224696589009
val ref: [['такси', 'с', 'мама', '<unk>']]
val hyp: ['автомобили', '<unk>', '.', '<unk>']
Epoch: 19, train_loss: 0.29301907216474243, val_loss: 0.01846525575220585, val_bleu-2: 0.012752698124637554
val ref: [['удаленный', 'comcast', ',', 'который', 'очень', 'черный', 'и', 'старый']]
val hyp: ['серебряный', 'пульт', 'дистанционного', 'управления', '<unk>', 'сидящий', 'на', 'полу', '<unk>', '<unk>', '<unk>', '<unk>', '<unk>', '<unk>', '<unk>']
Epoch: 20, train_loss: 0.29087306067529584, val_loss: 0.018880463674664498, val_bleu-2: 0.008490144876941755
val ref: [['поваренная', 'книга', ',', 'показывающая', ',', 'как', 'приготовить', 'пирог', 'с', 'помощью', 'микроволновой', 'печи', '.']]
val hyp: ['крупным', 'планом', '<unk>', '<unk>', '<unk>', '<unk>', '<unk>', '<unk>', '<unk>', '<unk>', '<unk>', '<unk>', 'на', '<unk>', '<unk>', '<unk>', '<unk>', '<unk>', '<unk>', '<unk>', '<unk>', '<unk>', '<unk>', '<unk>', '<unk>', '<unk>', '<unk>', '<unk>', '<unk>', '<unk>', '<unk>', '<unk>', '<unk>', '<unk>', '<unk>', '<unk>', '<unk>', '<unk>', '<unk>', '<unk>', '<unk>', '<unk>', '<unk>', '<unk>', '<unk>', '<unk>', '<unk>', '<unk>', '<unk>', '<unk>', '<unk>', '<unk>', '<unk>', '<unk>', '<unk>', '<unk>', '<unk>', '<unk>', '<unk>', '<unk>', '<unk>', '<unk>', '<unk>', '<unk>', '<unk>', '<unk>', '<unk>', '<unk>', '<unk>', '<unk>', '<unk>', '<unk>', '<unk>', '<unk>', '<unk>', '<unk>', '<unk>', '<unk>', '<unk>', '<unk>', '<unk>', '<unk>', '<unk>', '<unk>', '<unk>', '<unk>', '<unk>', '<unk>', '<unk>', '<unk>', '<unk>', '<unk>', '<unk>', '<unk>', '<unk>', '<unk>', '<unk>', '<unk>', '<unk>', '<unk>']
Epoch: 21, train_loss: 0.28910879380876864, val_loss: 0.019294270664453505, val_bleu-2: 0.005885894129530534
val ref: [['мальчик', 'с', 'губами', 'прыгает', 'с', 'края', 'в', '<unk>', 'бассейн', ',', 'когда', 'кто', '-то', 'наблюдает', 'на', 'заднем', 'плане', '.']]
val hyp: ['маленький', 'мальчик', '<unk>', '<unk>', '<unk>', '<unk>', '<unk>', '<unk>', '<unk>', '<unk>', '<unk>', '<unk>', '<unk>', '<unk>', '<unk>', '<unk>', '<unk>', 'в', '<unk>', '<unk>', '<unk>', '<unk>', '<unk>', '<unk>', '.', '<unk>', '<unk>', '<unk>', '<unk>', '<unk>', '<unk>', '<unk>', '<unk>', '<unk>', '<unk>', '<unk>', '<unk>', '<unk>', '<unk>', '<unk>', '<unk>', '<unk>', '<unk>', '<unk>', '<unk>', '<unk>', '<unk>', '<unk>', '<unk>', '<unk>', '<unk>', '<unk>', '<unk>', '<unk>', '<unk>', '<unk>', '<unk>', '<unk>', '<unk>', '70', '<unk>', '<unk>', '<unk>', '<unk>', '<unk>', '<unk>', '<unk>', '<unk>', '<unk>', ',', '<unk>', 'решения', '<unk>', '<unk>', '<unk>', '<unk>', '<unk>', '<unk>', '<unk>', '<unk>', '<unk>', '<unk>', '<unk>', '<unk>', '<unk>', 'и', '<unk>', '<unk>', '<unk>', '<unk>', '<unk>', '<unk>', '<unk>', '<unk>', '<unk>', '<unk>', '<unk>', '<unk>', '<unk>', '<unk>']
Epoch: 22, train_loss: 0.28695507707285994, val_loss: 0.01822061660885811, val_bleu-2: 0.005162883749353304
val ref: [['желтый', 'и', 'черный', 'ярлык', '<unk>', 'на', 'стороне', 'контейнера', '.']]
val hyp: ['в', '<unk>', '<unk>', 'это', '<unk>', '<unk>', '<unk>', '<unk>', '<unk>', '<unk>', '<unk>', '<unk>', '<unk>', '<unk>', '<unk>', '<unk>', '<unk>', '<unk>', '<unk>', '<unk>', '<unk>', '<unk>', '<unk>', '<unk>', '<unk>', '<unk>', '<unk>', '<unk>', '<unk>', '<unk>', '<unk>', '<unk>', '<unk>', '<unk>', '<unk>', '<unk>', '<unk>', '<unk>', '<unk>', '<unk>', '<unk>', '<unk>', '<unk>', '<unk>', '<unk>', '<unk>', '<unk>', '<unk>', '<unk>', '<unk>', '<unk>', '<unk>', '<unk>', '<unk>', '<unk>', '<unk>', '<unk>', '<unk>', '<unk>', '<unk>', '<unk>', '<unk>', '<unk>', '<unk>', '<unk>', '<unk>', '<unk>', '<unk>', '<unk>', '<unk>', '<unk>', '<unk>', '<unk>', '<unk>', '<unk>', '<unk>', '<unk>', '<unk>', '<unk>', '<unk>', '<unk>', '<unk>', '<unk>', '<unk>', '<unk>', '<unk>', '<unk>', '<unk>', '<unk>', '<unk>', '<unk>', '<unk>', '<unk>', '<unk>', '<unk>', '<unk>', '<unk>', '<unk>', '<unk>', '<unk>']
Epoch: 23, train_loss: 0.2853086833483155, val_loss: 0.018867533221840857, val_bleu-2: 0.004611346653024896
val ref: [['мешок', 'с', 'едой', ',', 'в', 'котором', 'на', 'полу', 'спереди', 'на', 'полу']]
val hyp: ['задняя', 'часть', 'целевой', '<unk>', '<unk>', '<unk>', '<unk>', '<unk>', '<unk>', '<unk>', '<unk>']
Epoch: 24, train_loss: 0.28365655989282357, val_loss: 0.018651398375630377, val_bleu-2: 0.0037471021536877053
val ref: [['путешественник', ',', 'отдыхающий', 'на', '<unk>', 'склоне', 'холма', '.']]
val hyp: ['человек', '<unk>', '<unk>', '<unk>', '<unk>', '<unk>', '<unk>', '<unk>', '<unk>', '<unk>', '<unk>', '<unk>', '<unk>', '<unk>', '<unk>', '<unk>', '<unk>', '<unk>', '<unk>', '<unk>', '<unk>', '<unk>', '<unk>', '<unk>', '<unk>', '<unk>', '<unk>', '<unk>', '<unk>', '<unk>', '<unk>', '<unk>', '<unk>', '<unk>', '<unk>', '<unk>', '<unk>', '<unk>', '<unk>', '<unk>', '<unk>', '<unk>', '<unk>', '<unk>', '<unk>', '<unk>', '<unk>', '<unk>', '<unk>', '<unk>', '<unk>', '<unk>', '<unk>', '<unk>', '<unk>', '<unk>', '<unk>', '<unk>', '<unk>', '<unk>', '<unk>', '<unk>', '<unk>', '<unk>', '<unk>', '<unk>', '<unk>', '<unk>', '<unk>', '<unk>', '<unk>', '<unk>', '<unk>', '<unk>', '<unk>', '<unk>', '<unk>', '<unk>', '<unk>', '<unk>', '<unk>', '<unk>', '<unk>', '<unk>', '<unk>', '<unk>', '<unk>', '<unk>']
Epoch: 25, train_loss: 0.28209836925016163, val_loss: 0.019191298216581346, val_bleu-2: 0.0033372915013100603
val ref: [['рука', 'с', 'очень', 'маленькой', 'бутылкой', 'спрайта', 'с', 'черной', 'кошкой']]
val hyp: ['зеленая', 'банки', ',', '<unk>', '<unk>', '<unk>', '<unk>', '<unk>', '<unk>', '<unk>', '<unk>', '<unk>', '<unk>', '<unk>', '<unk>', '<unk>', '<unk>', '<unk>', '<unk>', '<unk>', '<unk>', '<unk>', '<unk>', '<unk>', '<unk>', '<unk>', '<unk>', '<unk>', '<unk>', '<unk>', '<unk>', '<unk>', '<unk>', '<unk>', '<unk>', '<unk>', '<unk>', '<unk>', '<unk>', '<unk>', '<unk>', '<unk>', '<unk>', '<unk>', '<unk>', '<unk>', '<unk>', '<unk>', '<unk>', '<unk>', '<unk>', '<unk>', '<unk>', '<unk>', '<unk>', '<unk>', '<unk>', '<unk>', '<unk>', '<unk>', '<unk>', '<unk>', '<unk>', '<unk>', '<unk>', '<unk>', '<unk>', '<unk>', '<unk>', '<unk>', '<unk>', '<unk>', '<unk>', '<unk>', '<unk>', '<unk>', '<unk>', '<unk>', '<unk>', '<unk>', '<unk>', '<unk>', '<unk>', '<unk>', '<unk>', '<unk>', '<unk>', '<unk>', '<unk>', '<unk>', '<unk>', '<unk>', '<unk>', '<unk>', '<unk>', '<unk>', '<unk>', '<unk>', '<unk>', '<unk>']
Epoch: 26, train_loss: 0.2806574446306057, val_loss: 0.019212111562490464, val_bleu-2: 0.003158838027514864
val ref: [['коричневая', 'плетеная', 'корзина', 'на', 'стеклянном', 'столе']]
val hyp: ['овальный', 'большой', '<unk>', '<unk>', '<unk>', '<unk>', '<unk>', '<unk>', '<unk>', '<unk>', '<unk>', '<unk>', '<unk>', '<unk>', '<unk>', '<unk>', '<unk>', '<unk>', '<unk>', '<unk>', '<unk>', '<unk>', '<unk>', '<unk>', '<unk>', '<unk>', '<unk>', '<unk>', '<unk>', '<unk>', '<unk>', '<unk>', '<unk>', '<unk>', '<unk>', '<unk>', '<unk>', '<unk>', '<unk>', '<unk>', '<unk>', '<unk>', '<unk>', '<unk>', '<unk>', '<unk>', '<unk>', '<unk>', '<unk>', '<unk>', '<unk>', '<unk>', '<unk>', '<unk>', '<unk>', '<unk>', '<unk>', '<unk>', '<unk>', '<unk>', '<unk>', '<unk>', '<unk>', '<unk>', '<unk>', '<unk>', '<unk>', '<unk>', '<unk>', '<unk>', '<unk>', '<unk>', '<unk>', '<unk>', '<unk>', '<unk>', '<unk>', '<unk>', '<unk>', '<unk>', '<unk>', '<unk>', '<unk>', '<unk>', '<unk>', '<unk>', '<unk>', '<unk>', '<unk>', '<unk>', '<unk>', '<unk>', '<unk>', '<unk>', '<unk>', '<unk>', '<unk>', '<unk>', '<unk>', '<unk>']
Epoch: 27, train_loss: 0.27897286723219256, val_loss: 0.019084150671958924, val_bleu-2: 0.002924010725480093
val ref: [['коробка', 'с', '<unk>', 'миксом', 'стиля', 'в', 'стиле', 'нового', '<unk>', '.']]
val hyp: ['бумажный', '<unk>', '<unk>', '<unk>', '<unk>', '<unk>', '<unk>', '<unk>', '<unk>', '<unk>', '<unk>', '<unk>', '<unk>', '<unk>', '<unk>', '<unk>', '<unk>', '<unk>', '<unk>', '<unk>', '<unk>', '<unk>', '<unk>', '<unk>', '<unk>', '<unk>', '<unk>', '<unk>', '<unk>', '<unk>', '<unk>', '<unk>', '<unk>', '<unk>', '<unk>', '<unk>', '<unk>', '<unk>', '<unk>', '<unk>', '<unk>', '<unk>', '<unk>', '<unk>', '<unk>', '<unk>', '<unk>', '<unk>', '<unk>', '<unk>', '<unk>', '<unk>', '<unk>', '<unk>', '<unk>', '<unk>', '<unk>', '<unk>', '<unk>', '<unk>', '<unk>', '<unk>', '<unk>', '<unk>', '<unk>', '<unk>', '<unk>', '<unk>', '<unk>', '<unk>', '<unk>', '<unk>', '<unk>', '<unk>', '<unk>', '<unk>', '<unk>', '<unk>', '<unk>', '<unk>', '<unk>', '<unk>', '<unk>', '<unk>', '<unk>', '<unk>', '<unk>', '<unk>', '<unk>', '<unk>', '<unk>', '<unk>', '<unk>', '<unk>', '<unk>', '<unk>', '<unk>', '<unk>', '<unk>', '<unk>']
Epoch: 28, train_loss: 0.2779363376708747, val_loss: 0.019010142251849174, val_bleu-2: 0.0023804463996596665
val ref: [['две', 'девушки', 'выбирают', 'желтые', 'цветы', 'в', 'поле', '.']]
val hyp: ['человек', '<unk>', 'гладящий', '<unk>', '<unk>', '<unk>', '<unk>', '<unk>', '<unk>', '<unk>', '<unk>', '<unk>', '<unk>', '<unk>', '<unk>', '<unk>', '<unk>', '<unk>', '<unk>', '<unk>', '<unk>', '<unk>', '<unk>', '<unk>', '<unk>', '<unk>', '<unk>', '<unk>', '<unk>', '<unk>', '<unk>', '<unk>', '<unk>', '<unk>', '<unk>', '<unk>', '<unk>', '<unk>', '<unk>', '<unk>', '<unk>', '<unk>', '<unk>', '<unk>', '<unk>', '<unk>', '<unk>', '<unk>', '<unk>', '<unk>', '<unk>', '<unk>', '<unk>', '<unk>', '<unk>', '<unk>', '<unk>', '<unk>', '<unk>', '<unk>', '<unk>', '<unk>', '<unk>', '<unk>', '<unk>', '<unk>', '<unk>', '<unk>', '<unk>', '<unk>', '<unk>', '<unk>', '<unk>', '<unk>', '<unk>', '<unk>', '<unk>', '<unk>', '<unk>', '<unk>', '<unk>', '<unk>', '<unk>', '<unk>', '<unk>', '<unk>', '<unk>', '<unk>', '<unk>', '<unk>', '<unk>', '<unk>', '<unk>', '<unk>', '<unk>', 'в', '<unk>', '<unk>', '<unk>', '<unk>']
Epoch: 29, train_loss: 0.276663993142879, val_loss: 0.019784646391868593, val_bleu-2: 0.0027454400154838404
val ref: [['мальчик', 'без', 'рубашки', 'открывает', 'что', '-то', '.']]
val hyp: ['<unk>', '<unk>', '<unk>', '<unk>', '<unk>', '<unk>', '<unk>', '<unk>', '<unk>', '<unk>', '<unk>', '<unk>', '<unk>', '<unk>', '<unk>', '<unk>', '<unk>', '<unk>', '<unk>', '<unk>', '<unk>', '<unk>', '<unk>', '<unk>', '<unk>', '<unk>', '<unk>', '<unk>', '<unk>', '<unk>', '<unk>', '<unk>', '<unk>', '<unk>', '<unk>', '<unk>', '<unk>', '<unk>', '<unk>', '<unk>', '<unk>', '<unk>', '<unk>', '<unk>', '<unk>', '<unk>', '<unk>', '<unk>', '<unk>', '<unk>', '<unk>', '<unk>', '<unk>', '<unk>', '<unk>', '<unk>', '<unk>', '<unk>', '<unk>', '<unk>', '<unk>', '<unk>', '<unk>', '<unk>', '<unk>', '<unk>', '<unk>', '<unk>', '<unk>', '<unk>', '<unk>', '<unk>', '<unk>', '<unk>', '<unk>', '<unk>', '<unk>', '<unk>', '<unk>', '<unk>', '<unk>', '<unk>', '<unk>', '<unk>', '<unk>', '<unk>', '<unk>', '<unk>', '<unk>', '<unk>', '<unk>', '<unk>', '<unk>', '<unk>', '<unk>', '<unk>', '<unk>', '<unk>', '<unk>', '<unk>']
Epoch: 30, train_loss: 0.27536322330653956, val_loss: 0.019512035876512526, val_bleu-2: 0.0026130048751114264
Starting training meme captions

meme val ref: [['твит', 'пользователя', '<unk>', '(', '<unk>', '<unk>', ')', ':', '``', '<unk>', '<unk>', '<unk>', 'да', 'у', 'меня', 'всё', 'в', 'порядке', 'а', 'потом', '<unk>', 'ногой', 'так', 'что', 'стол', '<unk>', 'ходит', "''", '.']]
meme val hyp: ['скриншот', 'чьего', '<unk>', '<unk>', '<unk>', '<unk>', ')', '<unk>', 'по', '<unk>', 'сидит', '<unk>', '<unk>', '<unk>', '<unk>', '<unk>', '<unk>', '<unk>', 'дай', '<unk>', 'была', 'но', 'я', ',', 'она', "''", '<unk>', '<unk>']
Epoch: 31, train_loss: 3.121393271521026, val_loss: 2.536486517299305, val_bleu-3(meme): 0.053738890621643554
meme val ref: [['на', 'картинке', 'белый', '<unk>', ',', 'подписанный', 'как', '``', 'я', "''", ',', '<unk>', 'в', 'сторону', 'лежащих', 'на', 'полу', '<unk>', '.', 'они', 'подписаны', 'как', '``', 'это', 'лето', 'точно', 'будет', 'самым', 'лучшим', "''", '.']]
meme val hyp: ['на', 'фотографии', 'веревку', 'двое', '<unk>', '<unk>', '<unk>', '<unk>', 'написано', ':', 'мой', '<unk>', '<unk>', 'черном', '<unk>', '<unk>', ')', '<unk>', '<unk>', '<unk>', '<unk>', '(', '(', '<unk>', '<unk>', '<unk>', 'на', 'третьем', 'кадре', 'фото', '<unk>', '<unk>', 'опять', 'не', 'знаю', '<unk>', ')', '<unk>', '<unk>', 'на', '<unk>', '<unk>', '<unk>', '<unk>', '<unk>', '.', '<unk>', '<unk>', '<unk>', '?', '<unk>', 'подпись', '<unk>', '<unk>', '<unk>', '<unk>', '<unk>', '(', '<unk>', ',', ';', '<unk>', "''", "''", '<unk>', '<unk>', '<unk>', '<unk>', '<unk>', '<unk>', '<unk>', "''"]
Epoch: 32, train_loss: 2.4826518706246916, val_loss: 2.3930579749020664, val_bleu-3(meme): 0.05795626815506574
meme val ref: [['на', 'первом', 'кадре', 'фотография', 'двух', 'людей', ':', 'врача', 'и', 'пожилого', 'пациента', '.', 'врач', 'улыбается', 'и', 'говорит', ':', '``', 'нам', '<unk>', '<unk>', 'выше', 'колена', "''", '.', 'на', 'втором', 'кадре', 'пациент', 'отвечает', ':', '``', 'но', 'я', 'не', 'смогу', '<unk>', 'просто', 'как', 'нога', "''", '.']]
meme val hyp: ['на', 'фото', 'изображены', 'два', '<unk>', '<unk>', 'на', '<unk>', 'мем', '<unk>', '<unk>', '<unk>', 'сон', "''", '<unk>', '<unk>', '<unk>', '<unk>', ')', '<unk>', 'в', '<unk>', '<unk>', '<unk>', ',', 'подпись', ':', '``', 'тень', 'и', '<unk>', '<unk>', '<unk>', '.', '``', '.', '<unk>', 'white', 'for', 'the', 'the', '<unk>', '<unk>', 'возможно', '<unk>', '<unk>', '<unk>', '<unk>', '<unk>', '<unk>', '<unk>', '<unk>', '<unk>']
Epoch: 33, train_loss: 2.329568985630484, val_loss: 2.3372930505058984, val_bleu-3(meme): 0.06341272773344032
meme val ref: [['на', 'фотографии', 'двое', 'людей', ',', 'лежащих', 'в', 'кровати', '.', 'молодой', 'человек', 'отвернулся', 'от', 'девушки', 'и', 'о', '<unk>', '<unk>', 'думает', ';', 'девушка', 'смотрит', 'в', 'его', 'сторону', ',', 'скрестив', 'руки', 'на', 'груди', '.', 'подпись', 'девушки', ':', '``', 'опять', 'думает', 'о', 'своих', '<unk>', "''", '.', 'подпись', 'парня', ':', '``', 'если', 'мой', 'сын', 'станет', '<unk>', ',', 'мне', 'его', 'нужно', '<unk>', 'отец', 'или', 'сын', '?', "''"]]
meme val hyp: ['текст', 'сверху', ':', '``', 'я', '<unk>', ',', 'эту', '<unk>', '<unk>', '»', '<unk>', '<unk>', 'мем', '<unk>', '``', '.', '<unk>', '<unk>', 'ниже', 'комментарий', ':', '``', '<unk>', 'время', 'все', 'в', '<unk>', '<unk>', '<unk>', 'ниже', 'того', 'руки', '<unk>', '<unk>', 'пьют', 'воду', 'от', '<unk>', '<unk>', '.', '<unk>', 'другие', '<unk>', '<unk>', '``', 'из', 'которой', 'пытается', '<unk>', '<unk>', '<unk>', 'я', '<unk>', '<unk>', '<unk>', 'за', 'розовом', ':', '<unk>', '.', "''", '.', '<unk>', '<unk>', '<unk>', '<unk>', '<unk>', '?', "''", "''", '<unk>', '.', 'а', '<unk>', 'если', '<unk>', '``', '<unk>', '<unk>', '<unk>']
Epoch: 34, train_loss: 2.2233097261073542, val_loss: 2.297551816160029, val_bleu-3(meme): 0.06463351647722104
meme val ref: [['подпись', ':', '“', 'я', ',', 'пытаясь', '<unk>', 'в', '7', 'утра', ',', 'полностью', '<unk>', 'свой', 'режим', 'сна', '”', 'ниже', 'на', 'картинке', 'изображён', '<unk>', '(', 'человек', 'из', 'мемов', ')', ',', 'который', 'лежит', 'под', 'одеялом', 'на', 'кровати', 'возле', 'окна', ',', 'закрывает', 'руками', 'уши', 'и', 'плачет', ',', 'там', ',', 'где', 'должно', 'быть', 'окно', ',', 'изображена', 'птица', '<unk>', 'на', 'белом', 'фоне', ';', 'под', 'ней', 'подпись', ':', '“', '<unk>', 'с', '<unk>', '”']]
meme val hyp: ['девять', '<unk>', '<unk>', '<unk>', '<unk>', '<unk>', 'фотография', '<unk>', '<unk>', '<unk>', '<unk>', '.', 'of', '<unk>', '<unk>', 'фотография', '1.', 'текст', 'плаката', '<unk>', '<unk>', 'второй', '<unk>', '.', '``', "''", 'на', '<unk>', 'кадре', 'он', 'в', 'костюме', '<unk>', '<unk>', 'в', ',', '<unk>', 'смерть', '<unk>', '<unk>', 'нет', '<unk>', 'снизу', '.', '<unk>', '<unk>', 'ниже', 'изображен', 'прямоугольник', '<unk>', '<unk>', 'на', 'третьем', '<unk>', 'человечек', '<unk>', 'который', '<unk>', '<unk>', '<unk>']
Epoch: 35, train_loss: 2.1368781269765367, val_loss: 2.273014252836054, val_bleu-3(meme): 0.06070886902244999
meme val ref: [['подпись', ':', '``', 'автоматический', 'диван', '«', '<unk>', '»', '<unk>', ':', '-', '<unk>', "''", '.', 'ниже', 'фото', 'белого', 'дивана', ',', 'нижняя', 'часть', 'которого', '<unk>', '.']]
meme val hyp: ['на', 'первой', 'фотографии', 'маленький', 'попугай', '<unk>', '<unk>', '<unk>', '<unk>', "''", '<unk>', '<unk>', '<unk>', '.', '<unk>', '<unk>', '<unk>', '<unk>', '2.', 'прим', ':', 'админа', "''", 'вот', '<unk>', '<unk>', 'я', '<unk>', '<unk>', '<unk>', '<unk>', '<unk>', '.', '<unk>', 'ниже', 'картинка', 'с', '<unk>', 'квартиры', '.', 'позади', '<unk>', 'подпись', ':', '``', 'и', '<unk>', '.', 'кто', '<unk>', "''", '<unk>', '.']
Epoch: 36, train_loss: 2.061420807651445, val_loss: 2.2619976834817366, val_bleu-3(meme): 0.0674164886706034
meme val ref: [['мем', 'состоит', 'из', 'трех', 'фреймов', '.', 'на', 'первом', 'изображен', '<unk>', 'пингвин', 'в', 'солнцезащитных', 'очках', ',', 'который', 'отдыхает', 'на', '<unk>', 'стуле', ';', 'внизу', 'подпись', ':', '``', 'сидишь', 'такой', '<unk>', "''", '.', 'на', 'втором', 'изображение', 'с', 'пингвином', '<unk>', ':', '``', '<unk>', '<unk>', 'на', 'стуле', "''", '.', 'на', 'третьем', 'изображение', '<unk>', 'так', ',', 'что', 'кажется', ',', 'будто', 'пингвин', 'лежит', ':', '``', 'и', 'вдруг', '<unk>', ',', 'что', 'тело', '<unk>', 'площадь', '<unk>', 'будет', '<unk>', 'в', '<unk>', 'до', 'тех', 'пор', 'пока', 'линия', 'действия', 'силы', '<unk>', 'будет', '<unk>', 'через', 'площадь', '<unk>', '.', '<unk>', '<unk>', '<unk>', '<unk>', '<unk>', ',', '<unk>', '<unk>', 'силы', '<unk>', 'и', 'понимаешь', 'что', 'ты', 'вышел']]
meme val hyp: ['комикс', '<unk>', '<unk>', '<unk>', '<unk>', 'который', '<unk>', 'белом', '<unk>', '<unk>', '<unk>', 'с', '<unk>', '<unk>', '<unk>', '<unk>', '<unk>', 'на', '<unk>', '<unk>', 'оба', 'кнопка', 'для', '<unk>', '<unk>', 'за', 'том', '<unk>', '<unk>', 'мне', '<unk>', '<unk>', 'далее', 'просто', '<unk>', '<unk>', '<unk>', '<unk>', '<unk>', '<unk>', ',', '<unk>', '``', '<unk>', '<unk>', '<unk>', '<unk>', '.', 'нота', '<unk>', '``', '``', ',', '.', '.', '<unk>', '<unk>', ')', '!', '<unk>', '<unk>', '<unk>', ',', '``', 'ребята', '<unk>', '``', ')', '<unk>', '»', ',', '«', '<unk>', '.', '.', '<unk>', '<unk>', 'парень', '<unk>', '<unk>', '<unk>', '<unk>', '``', ',', 'вопросы', '<unk>', "''", '<unk>', '!', '<unk>', 'морщины', '<unk>', '«', ',', 'и', 'у', 'меня', '<unk>', '<unk>', ',']
Epoch: 37, train_loss: 1.990779339098463, val_loss: 2.2527547695420007, val_bleu-3(meme): 0.059054573673572815
meme val ref: [['картинка', 'разделена', 'на', 'три', 'части', ',', 'на', 'ней', 'белый', 'человечек', 'с', 'микрофоном', 'в', 'руке', '<unk>', ':', '``', 'на', '<unk>', 'человеческих', '<unk>', 'началась', '<unk>', 'и', 'я', '<unk>', '<unk>', '...', "''", 'тут', 'картинка', 'становится', '<unk>', 'и', '<unk>', 'в', 'стороны', ':', '``', '<unk>', 'ноги', "''"]]
meme val hyp: ['на', 'картинке', 'изображена', '<unk>', '<unk>', '<unk>', 'кадр', 'на', 'рисунок', '<unk>', '<unk>', 'подпись', '<unk>', '``', 'я', ':', '<unk>', '.', '<unk>', 'лечения', '<unk>', ',', '<unk>']
Epoch: 38, train_loss: 1.9275531967480977, val_loss: 2.2531273581764917, val_bleu-3(meme): 0.05889774371568003
meme val ref: [['фотография', '<unk>', 'качества', ',', 'где', 'толстый', 'полицейский', 'в', 'синем', 'костюме', 'с', 'усами', 'и', 'в', 'очках', '<unk>', 'перед', 'собой', '.', 'за', 'ним', 'прячется', 'худой', 'полицейский', ',', 'как', 'за', '<unk>', ',', 'и', '<unk>', 'в', 'том', 'же', 'направлении', '.', 'на', 'нём', 'текст', '``', '<unk>', 'во', 'второй', 'мировой', "''", ',', 'а', 'на', '<unk>', '<unk>', '``', 'другие', 'страны', 'оси', "''", '.']]
meme val hyp: ['на', 'фото', 'изображено', '<unk>', '<unk>', '<unk>', 'фон', '<unk>', '<unk>', '<unk>', 'щетиной', "''", '.', '.', '<unk>']
Epoch: 39, train_loss: 1.8636138287245059, val_loss: 2.2557772885669363, val_bleu-3(meme): 0.061711632397701444
meme val ref: [['фото', 'игрушечного', 'интерьера', 'с', '<unk>', 'стульями', 'и', 'столиком', '.', 'посередине', 'стоит', 'фигурка', 'динозавра', '.', 'он', 'говорит', ':', '``', 'я', 'сука', 'ненавижу', '<unk>', "''", '.']]
meme val hyp: ['на', '<unk>', '<unk>', '<unk>', '<unk>', 'снизу', '<unk>', 'он', '<unk>', '<unk>', '<unk>', '<unk>', 'вдалеке', 'сезам', '<unk>', 'с', '<unk>', '<unk>', '<unk>', '<unk>', 'ниже', '<unk>', 'пингвин', 'от', '<unk>', '<unk>', '<unk>', 'и', 'деловом', '<unk>', '<unk>', ',', '<unk>', 'брюнетка', '<unk>', '<unk>', '<unk>', 'за', '<unk>', '<unk>', '<unk>', '<unk>', '<unk>', "''", '<unk>', '<unk>', 'со', '<unk>', '<unk>', '—', '<unk>', 'а', '<unk>', 'и', '<unk>', '<unk>', '<unk>', '.', 'на', '<unk>', '<unk>', '<unk>', '.', '<unk>', '<unk>']
Epoch: 40, train_loss: 1.8010915354186414, val_loss: 2.259772847999226, val_bleu-3(meme): 0.059715320059003145
meme val ref: [['подпись', ':', '``', '«', '<unk>', 'были', '<unk>', 'в', '<unk>', '»', 'люди', 'в', '<unk>', ':', "''", 'ниже', 'фото', '<unk>', 'в', 'лесу', '.']]
meme val hyp: ['подпись', ':', '``', '<unk>', '``', '<unk>', '<unk>', '<unk>', 'никто', '<unk>', 'нормально', '<unk>', '<unk>', 'ниже', 'ответ', '«', ':', '<unk>', '<unk>', ',', '<unk>', 'мемы', '@', 'коты', '<unk>', '<unk>', '<unk>', 'ниже', 'три', '<unk>', '<unk>', '<unk>', '<unk>', '<unk>', '<unk>', '<unk>', ',', '<unk>', '<unk>', '<unk>', '<unk>', '<unk>', '<unk>', '<unk>', "''", '<unk>', '<unk>', '<unk>', '<unk>', '<unk>', '<unk>', ')', '<unk>', '<unk>', '<unk>', '<unk>', '<unk>', 'и', 'так', '<unk>', '<unk>', '<unk>', "''", '<unk>', ']', '.', '<unk>', '%', '<unk>', '<unk>', '<unk>', '<unk>', '<unk>', '<unk>', '<unk>', "''", '<unk>', ']', '<unk>', '<unk>', '<unk>', '<unk>', '[', 'завтра', '<unk>', '<unk>', '<unk>', '.']
Epoch: 41, train_loss: 1.7432638617122875, val_loss: 2.2613508267836138, val_bleu-3(meme): 0.054904589879050954
meme val ref: [['диалог', 'в', 'мессенджере', ':', '—', 'картошки', '<unk>', '?', '—', 'не', 'знаю', ':', '(', '—', 'я', 'не', '<unk>', ',', 'что', 'это', 'значит', 'это', 'улыбка', '?', '—', 'ну', 'смотри', 'у', 'него', 'такое', 'лицо', 'будто', 'губы', '<unk>', 'то', 'есть', 'грустный', '—', 'значит', 'надо', 'картошки', '.']]
meme val hyp: ['диалог', '<unk>', '<unk>', '<unk>', '<unk>', '<unk>', '<unk>', '<unk>', 'в', '<unk>', '<unk>', '<unk>', '<unk>', 'и', '<unk>', '<unk>', '<unk>', 'это', '<unk>', 'только', '<unk>', '<unk>', 'суд', ',', '<unk>']
Epoch: 42, train_loss: 1.6872783934368807, val_loss: 2.2774068279699846, val_bleu-3(meme): 0.054828120976917485
meme val ref: [['подпись', ':', '``', 'когда', '<unk>', 'сообщения', 'через', '<unk>', 'на', '<unk>', 'экране', "''", '.', 'ниже', 'фото', 'маленькой', '<unk>', 'в', 'снегу', ',', 'из', 'которой', 'выглядывает', 'белый', '<unk>', '.', 'подпись', 'рядом', ':', '``', 'у', 'себя', 'в', '<unk>', '<unk>', '<unk>', 'может', '<unk>', '<unk>', ',', '<unk>', 'в', 'безопасности', "''", '.']]
meme val hyp: ['<unk>', 'на', '<unk>', '<unk>', '<unk>', '<unk>', '<unk>', 'по', '<unk>', '<unk>', 'может', '<unk>', '<unk>', '<unk>', '<unk>', 'ооо', '<unk>', '<unk>', '<unk>', '<unk>', 'чувство', '<unk>', '<unk>', 'на', '<unk>', '<unk>', '—', '.', 'и', 'уверенно', '<unk>', 'vs', '<unk>', 'под', '<unk>', '<unk>', '<unk>', 'ветра', ')', '<unk>', '<unk>', '<unk>', ')', ']', 'текста', 'и', '<unk>', '<unk>', '<unk>', '<unk>', 'кого-то', '<unk>', 'что', '<unk>', '<unk>', '<unk>', '<unk>', '<unk>', '-', '<unk>', '<unk>', '<unk>', 'чуть', 'знаю', '<unk>', "''", '<unk>', 'остановиться', '<unk>', '<unk>', '<unk>', '<unk>', '<unk>', ',', 'счастья', '<unk>', '<unk>', '<unk>', '<unk>', '<unk>', 'не', '<unk>', '<unk>']
Epoch: 43, train_loss: 1.6331360269995296, val_loss: 2.28718856789849, val_bleu-3(meme): 0.054010179896664144
meme val ref: [['на', 'первом', 'фото', 'человек', '<unk>', 'другому', 'ключи', 'от', 'машины', 'и', 'говорит', ':', '-', '<unk>', 'мой', '<unk>', 'в', 'гараже', 'второй', 'человек', 'отвечает', ':', '-', 'окей', 'на', 'следующем', 'фото', 'на', 'полке', 'с', 'пивом', '<unk>', 'стоит', 'одна', 'бутылка', 'пива', '<unk>', '.']]
meme val hyp: ['на', 'фотографии', '<unk>', '<unk>', '<unk>', '<unk>', '<unk>', ',', '<unk>', '<unk>', '<unk>', '<unk>', '—', '<unk>', '<unk>', 'с', 'шестью', '<unk>', ',', '<unk>', '<unk>', '<unk>', '<unk>', ',', '``', 'дыхание', '<unk>', "''", '``', '<unk>', 'кот', '<unk>', '<unk>', '<unk>', '``', "''"]
Epoch: 44, train_loss: 1.583196414451973, val_loss: 2.297098983417858, val_bleu-3(meme): 0.05161201006763763
meme val ref: [['на', 'скриншоте', 'капча', '.', 'сверху', 'написано', ':', '``', 'выберите', 'все', 'квадраты', ',', 'в', 'которых', 'изображены', '<unk>', 'если', 'их', 'нет', ',', 'нажмите', '«', 'пропустить', '»', "''", '.', 'ниже', 'изображение', ',', '<unk>', 'на', '16', 'частей', '.', 'на', 'нём', 'крупным', 'планом', 'синий', 'автобус', ',', 'на', 'котором', 'написано', ':', '``', 'это', '<unk>', "''", '.']]
meme val hyp: ['подпись', ':', '``', '<unk>', '<unk>', '<unk>', '<unk>', 'пожалуйста', '<unk>', '<unk>', '<unk>', 'хочу', '<unk>', 'сам', '<unk>', '<unk>', '<unk>', 'ниже', 'два', '<unk>', '<unk>', 'подпись', ':', '``', 'никто', '<unk>', 'почему', 'конечно', '<unk>', '<unk>', '<unk>', '<unk>', '<unk>']
Epoch: 45, train_loss: 1.5351774412042953, val_loss: 2.317715883255005, val_bleu-3(meme): 0.049447931814854
meme val ref: [['твит', 'пользователя', '<unk>', 'с', 'ником', '<unk>', '<unk>', ':', '``', 'на', 'словах', 'ты', '<unk>', 'а', 'на', 'деле', '<unk>', "''", '.', 'ниже', 'картинка', 'с', 'двумя', '<unk>', '.', 'первый', '<unk>', ',', '<unk>', ',', 'синего', 'цвета', ',', 'похож', 'на', '<unk>', 'с', '<unk>', '.', 'второй', '<unk>', 'менее', '<unk>', '.', 'он', 'красного', 'цвета', 'и', 'похож', 'на', 'рыбу', '<unk>', 'с', 'усами', '.']]
meme val hyp: ['кадр', 'из', '<unk>', '<unk>', '<unk>', '<unk>', '<unk>', '<unk>', '<unk>', '<unk>', '<unk>', '<unk>', '<unk>', '<unk>', '<unk>', '<unk>', '<unk>', 'всплывающее', '<unk>', "''", '<unk>', '<unk>', '<unk>', '<unk>', '?', ')', "''", "''", '<unk>', '<unk>', '<unk>', 'и', 'два', '<unk>', '<unk>', '<unk>', '<unk>', 'мальчиком', '<unk>', '``', ')', 'в', 'кино', '<unk>', '<unk>', ',', '<unk>', '<unk>', 'явно', '<unk>', '<unk>', '<unk>', 'ему', ',', '<unk>', '<unk>', '<unk>', '<unk>', '<unk>', '<unk>', '<unk>', '<unk>', 'сон', '<unk>', '<unk>', '<unk>', '<unk>', '<unk>', '<unk>', '``', '<unk>', '<unk>', '<unk>', '<unk>', '<unk>', ',', '<unk>', '<unk>', "'s", '<unk>', '<unk>', '<unk>', '<unk>', '<unk>', '<unk>', '<unk>', '<unk>', '<unk>', '<unk>', '<unk>', '—', '<unk>', '<unk>', '<unk>', ',', '<unk>', '<unk>', '<unk>', '<unk>', '<unk>']
Epoch: 46, train_loss: 1.487281782954347, val_loss: 2.3307290998372165, val_bleu-3(meme): 0.045682761604202815
meme val ref: [['твит', 'пользователя', '<unk>', 'на', 'английском', ':', '``', 'я', 'люблю', '<unk>', '«', '<unk>', '»', '.', 'мы', '<unk>', '?', 'мы', '<unk>', ',', 'работающие', 'вместе', 'над', 'одним', 'делом', '?', 'мы', '<unk>', '?', 'мы', '<unk>', 'в', 'отношениях', '?', 'здесь', 'не', 'может', 'быть', '<unk>', 'ответа', "''", '.', '<unk>', '.', ':', 'мы', '<unk>', 'к', '<unk>', 'и', '<unk>', '<unk>', '<unk>', 'что-то', 'новое', 'в', 'паблик', '.', 'и', 'нам', 'очень', '<unk>', 'узнать', 'ваше', 'мнение', 'по', 'этому', 'поводу', '!', 'его', 'можно', '<unk>', 'в', 'этом', '<unk>', '—', 'https', ':', '<unk>', ':', ')']]
meme val hyp: ['<unk>', 'в', '<unk>', '<unk>', '<unk>', '<unk>', '<unk>', 'факт', ',', '<unk>', '<unk>', '<unk>', 'четыре', '<unk>', '<unk>', '<unk>', '.', '<unk>', 'в', '<unk>', '<unk>', '<unk>', '<unk>', '<unk>', '<unk>', '<unk>', '<unk>', '<unk>', '<unk>', '!', '<unk>', "''", '<unk>', '<unk>', '<unk>', '.', '<unk>', '<unk>', '<unk>', '<unk>', '<unk>', '<unk>', '<unk>', '<unk>', '<unk>', '<unk>', '<unk>', '<unk>', '<unk>', '<unk>', '<unk>', '<unk>', '<unk>', '<unk>', '<unk>', '<unk>', '<unk>', '<unk>', '<unk>', '<unk>', '<unk>', '<unk>', '<unk>', '<unk>', '<unk>', '<unk>', '<unk>', '<unk>', '<unk>', '<unk>', '<unk>', '<unk>', '<unk>', '<unk>', 'чувак', '<unk>', '<unk>', '<unk>', '<unk>', 'пластиковый', '<unk>', '<unk>', '<unk>', '<unk>', '<unk>', '<unk>', 'природы', '<unk>', '<unk>', '<unk>', 'у', 'всех', '<unk>', 'оба', '<unk>', '<unk>', 'шага', '<unk>', '<unk>', '<unk>']
Epoch: 47, train_loss: 1.4426651667146122, val_loss: 2.344426994973963, val_bleu-3(meme): 0.04657173282696964
meme val ref: [['текст', 'сверху', ':', '``', 'как', '<unk>', 'время', 'шаг', 'первый', ':', "''", '.', 'ниже', '<unk>', 'фигура', 'человека', ',', 'стоящего', 'в', '<unk>', '.', 'все', 'мышцы', 'человека', 'сильно', '<unk>', '.']]
meme val hyp: ['подпись', ':', '``', '<unk>', '<unk>', '<unk>', '<unk>', '<unk>', 'на', 'фото', 'кусочек', 'хлеба', '<unk>', '<unk>', '<unk>', '<unk>', '<unk>', '<unk>', '<unk>', '<unk>', '<unk>', '<unk>', '<unk>', '<unk>', '<unk>', '<unk>', '<unk>', '<unk>', '<unk>', '<unk>', '``', '<unk>', '<unk>', '<unk>', '<unk>', '<unk>', '<unk>', '<unk>', '<unk>', '<unk>', '<unk>', '<unk>', '<unk>', '<unk>', '<unk>', '<unk>', '<unk>', '<unk>', '<unk>', '<unk>', '<unk>', 'и', '<unk>', '<unk>', '<unk>', 'классика', '<unk>', '<unk>', '<unk>', ',', '<unk>', '<unk>', '<unk>', '<unk>', '<unk>', '<unk>', '<unk>', '<unk>']
Epoch: 48, train_loss: 1.3986962402568144, val_loss: 2.3633619330146094, val_bleu-3(meme): 0.04240311250279247
meme val ref: [['верхняя', 'надпись', ':', '``', 'случайно', 'открыл', 'диалог', 'с', 'человеком', ',', 'которого', 'хотел', '<unk>', "''", '.', '<unk>', 'кадр', 'из', 'мультсериала', 'симпсоны', ',', 'на', 'котором', 'мужчина', '<unk>', '<unk>', 'мальчику', '.', 'подпись', 'на', 'каждом', '<unk>', ':', '``', 'я', "''", '.']]
meme val hyp: ['сверху', 'плакат', '<unk>', '<unk>', 'когда', '<unk>', '<unk>', '<unk>', 'ниже', 'кадр', '<unk>', '<unk>', '<unk>', '<unk>', '<unk>', '<unk>', 'смеётся', ',', '<unk>', '<unk>', '<unk>', '<unk>', '<unk>', '<unk>', '<unk>', '<unk>', '<unk>', '<unk>', '<unk>', '<unk>', '<unk>', "''", '<unk>', '<unk>', 'и', '<unk>', '<unk>', '<unk>']
Epoch: 49, train_loss: 1.358628927492628, val_loss: 2.374505427750674, val_bleu-3(meme): 0.04521408367239632
meme val ref: [['на', 'белом', 'фоне', 'изображен', 'рисунок', 'длинной', 'кровати', 'с', 'высоким', '<unk>', '.', 'рядом', 'стоят', 'тапочки', 'и', 'тумбочка', 'с', 'изогнутой', 'лампой', '.', 'в', 'кровати', 'под', 'клетчатым', 'одеялом', 'спит', 'девочка', '.', 'на', 'оставшейся', 'большей', 'части', 'кровати', 'лежит', 'черный', 'кот', '<unk>', 'формы', '.', 'надпись', 'шрифтом', 'лобстер', 'поверх', 'изображения', ':', '``', 'мам', ',', 'не', 'спишь', '?', 'я', 'забыл', 'сказать', ',', 'что', 'мне', 'на', 'завтра', 'нужен', '<unk>', "''", '.']]
meme val hyp: ['подпись', ':', '``', '<unk>', '<unk>', '<unk>', '<unk>', '<unk>', '<unk>', '<unk>', '<unk>', '<unk>', '<unk>', '<unk>', '<unk>', '<unk>', '<unk>', '<unk>', '<unk>', '<unk>', '<unk>', '<unk>', '<unk>', '<unk>', '<unk>', '<unk>', '<unk>', '<unk>', '<unk>', '<unk>', '<unk>', '<unk>', '<unk>', '<unk>', '<unk>', '<unk>', '<unk>', '<unk>', '<unk>', '<unk>', '<unk>', '<unk>', '<unk>', '<unk>', '<unk>', '<unk>', '<unk>', '<unk>', '<unk>', '<unk>', '<unk>', '<unk>', '<unk>', '<unk>', '<unk>', '<unk>', '<unk>', '(', '<unk>', '<unk>', '<unk>', '<unk>', '<unk>', '<unk>', '<unk>', '<unk>', 'маленький', '<unk>', '<unk>', '<unk>', '<unk>', '<unk>', '<unk>', '<unk>', '<unk>', '<unk>', '<unk>', '<unk>', '<unk>', '<unk>', 'd', '<unk>', '<unk>', '<unk>', '<unk>', '.', '<unk>', '<unk>', '<unk>', '<unk>', '<unk>', '<unk>', '<unk>', '<unk>', '<unk>', '<unk>', '.', 'хорош', '<unk>', '<unk>']
Epoch: 50, train_loss: 1.316608811126036, val_loss: 2.3933150714093987, val_bleu-3(meme): 0.04162924480271821

Test meme evaluation: 
test_bleu-1(meme): 0.2206333322036352
test_bleu-2(meme): 0.08788052201161345
test_bleu-3(meme): 0.03199405611743667
test_bleu-4(meme): 0.012423084903504768
test_meteor-4(meme): 0.13227585398802424
