Starting training meme captions

Epoch: 1, train_loss: 0.6876275772696471, val_loss: 0.5564790412636502, val_bleu-3: 0.0399320074275829
Epoch: 2, train_loss: 0.5060633143834901, val_loss: 0.5243575223662453, val_bleu-3: 0.0461788111141944
Epoch: 3, train_loss: 0.4353605436957827, val_loss: 0.5198380186081941, val_bleu-3: 0.05324959695989656
Epoch: 4, train_loss: 0.3717943794227555, val_loss: 0.529259499188707, val_bleu-3: 0.053510617324248916
Epoch: 5, train_loss: 0.31172361844644647, val_loss: 0.5466451652673807, val_bleu-3: 0.05874022927445973
Epoch: 6, train_loss: 0.26152802094213184, val_loss: 0.5661316930154819, val_bleu-3: 0.05526603795917722
Epoch: 7, train_loss: 0.2243916614716946, val_loss: 0.5870915937785202, val_bleu-3: 0.05431996245312547
Epoch: 8, train_loss: 0.19678962918497617, val_loss: 0.6033071993898774, val_bleu-3: 0.060681274910086985
Epoch: 1, train_loss: 0.6876275772696471, val_loss: 0.5564790412636502, val_bleu-3: 0.040615502844104846
Epoch: 2, train_loss: 0.5060633143834901, val_loss: 0.5243575223662453, val_bleu-3: 0.046361450602188194
Epoch: 3, train_loss: 0.4353605436957827, val_loss: 0.5198380186081941, val_bleu-3: 0.049746623975424925
Epoch: 4, train_loss: 0.3717943794227555, val_loss: 0.529259499188707, val_bleu-3: 0.05434725855427919
Epoch: 5, train_loss: 0.31172361844644647, val_loss: 0.5466451652673807, val_bleu-3: 0.052815978537546104
Epoch: 6, train_loss: 0.26152802094213184, val_loss: 0.5661316930154819, val_bleu-3: 0.055360197946559025
Epoch: 7, train_loss: 0.2243916614716946, val_loss: 0.5870915937785202, val_bleu-3: 0.05516711701968839
Epoch: 8, train_loss: 0.19678962918497617, val_loss: 0.6033071993898774, val_bleu-3: 0.057837418058551734
Epoch: 9, train_loss: 0.17707939986849436, val_loss: 0.6211127856554535, val_bleu-3: 0.05877565623075605
Epoch: 10, train_loss: 0.16173949045299835, val_loss: 0.6394569386422045, val_bleu-3: 0.06290510378149164
Epoch: 11, train_loss: 0.15061589882580065, val_loss: 0.6531631772121355, val_bleu-3: 0.05980620142819851
Epoch: 12, train_loss: 0.14162497744369854, val_loss: 0.6653688749238029, val_bleu-3: 0.06217276080300683
Epoch: 13, train_loss: 0.13445526025670987, val_loss: 0.6794274387558021, val_bleu-3: 0.06051646530119817
Epoch: 14, train_loss: 0.1290604273342971, val_loss: 0.6887560763379247, val_bleu-3: 0.06414295684568744
Epoch: 15, train_loss: 0.1245366531163364, val_loss: 0.698850451680938, val_bleu-3: 0.061319737968780916
Epoch: 16, train_loss: 0.12129298587207425, val_loss: 0.7105414396616905, val_bleu-3: 0.06384874471633677
Epoch: 17, train_loss: 0.11750929902718418, val_loss: 0.7173351241730164, val_bleu-3: 0.060004016051959264
Epoch: 18, train_loss: 0.13587362209252712, val_loss: 0.722155290615071, val_bleu-3: 0.0628783725950673
Epoch: 19, train_loss: 0.11275511209307046, val_loss: 0.7318875587877669, val_bleu-3: 0.06213000851244294
Epoch: 20, train_loss: 0.10944739370384292, val_loss: 0.7416851423018742, val_bleu-3: 0.06282386915212568
Epoch: 21, train_loss: 0.10855941236001106, val_loss: 0.7469475872089564, val_bleu-3: 0.06590933514998285
Epoch: 22, train_loss: 0.10808526942730672, val_loss: 0.7535878656739409, val_bleu-3: 0.06273165401494676
Epoch: 23, train_loss: 0.10691164885137705, val_loss: 0.7603432733266074, val_bleu-3: 0.06501117843970296
Epoch: 24, train_loss: 0.10574779375098506, val_loss: 0.7675771653147779, val_bleu-3: 0.06449640770694945
Epoch: 25, train_loss: 0.10490378869513779, val_loss: 0.7696100131665029, val_bleu-3: 0.06257368229247937
Epoch: 26, train_loss: 0.10372227826536026, val_loss: 0.7790562098554227, val_bleu-3: 0.06519059811468417
Epoch: 27, train_loss: 0.10325189281415016, val_loss: 0.7821370907369555, val_bleu-3: 0.0666185902177286
Epoch: 28, train_loss: 0.10248778788378508, val_loss: 0.7902024403445643, val_bleu-3: 0.06538645845502439
Epoch: 29, train_loss: 0.10149919730709743, val_loss: 0.7937250461623766, val_bleu-3: 0.06453672726134976
Epoch: 30, train_loss: 0.10112514477549937, val_loss: 0.7979568668413902, val_bleu-3: 0.06298015689472897
Starting training meme captions

Epoch: 31, train_loss: 3.8832910444222244, val_loss: 3.404996139352972, val_bleu-3(meme): 0.08296963566217846
Epoch: 32, train_loss: 2.8063432384939753, val_loss: 3.360395825992931, val_bleu-3(meme): 0.08030950536334959
Epoch: 33, train_loss: 2.3591022327834485, val_loss: 3.4002330086447974, val_bleu-3(meme): 0.09042657997381304
Epoch: 34, train_loss: 1.979547148592332, val_loss: 3.4676794268868187, val_bleu-3(meme): 0.08663559918673383
Epoch: 35, train_loss: 1.6577061377319635, val_loss: 3.5363974918018686, val_bleu-3(meme): 0.0917040975463378
Epoch: 36, train_loss: 1.4053472563332203, val_loss: 3.6244817300276324, val_bleu-3(meme): 0.09228318938550538
Epoch: 37, train_loss: 1.2093528462391274, val_loss: 3.683844557675448, val_bleu-3(meme): 0.09734080416533791
Epoch: 38, train_loss: 1.0553769085921494, val_loss: 3.7522926590659402, val_bleu-3(meme): 0.09576955534676257
Epoch: 39, train_loss: 0.9309842869347217, val_loss: 3.8034891301935367, val_bleu-3(meme): 0.09683837655887496
Epoch: 40, train_loss: 0.8292535019855873, val_loss: 3.8715652292424982, val_bleu-3(meme): 0.09811814560595322
Epoch: 41, train_loss: 0.7449308867548027, val_loss: 3.920926982706243, val_bleu-3(meme): 0.10285120410419753
Epoch: 42, train_loss: 0.6693919033396478, val_loss: 3.9635470910505815, val_bleu-3(meme): 0.10308307538109422
Epoch: 43, train_loss: 0.6060884510769563, val_loss: 4.025577011975375, val_bleu-3(meme): 0.10499554385572259
Epoch: 44, train_loss: 0.5516333006176294, val_loss: 4.0573351860046385, val_bleu-3(meme): 0.10507420023606141
Epoch: 45, train_loss: 0.5029444149896211, val_loss: 4.0936835809187455, val_bleu-3(meme): 0.11693137828699665
Epoch: 46, train_loss: 0.4627699410214144, val_loss: 4.158315875313499, val_bleu-3(meme): 0.10532627570614408
Epoch: 47, train_loss: 0.4244374249495712, val_loss: 4.193469689109109, val_bleu-3(meme): 0.1102835341073756
Epoch: 48, train_loss: 0.3918692470181222, val_loss: 4.241478425806219, val_bleu-3(meme): 0.11201314722339421
Epoch: 49, train_loss: 0.36237309317962796, val_loss: 4.256893071261319, val_bleu-3(meme): 0.11391870666065666
Epoch: 50, train_loss: 0.3361813509581136, val_loss: 4.301788291064176, val_bleu-3(meme): 0.10896689638865151
Epoch: 51, train_loss: 0.31380911679828866, val_loss: 4.34975135976618, val_bleu-3(meme): 0.1096503500317351
Epoch: 52, train_loss: 0.292944048315871, val_loss: 4.360284484516491, val_bleu-3(meme): 0.10951253637750735
Epoch: 53, train_loss: 0.2765618191045873, val_loss: 4.4048727945847945, val_bleu-3(meme): 0.11722797044596701
Epoch: 54, train_loss: 0.25972229476068537, val_loss: 4.425353982231834, val_bleu-3(meme): 0.10997077254126754
Epoch: 55, train_loss: 0.24344547198099248, val_loss: 4.461098549582742, val_bleu-3(meme): 0.11140948519965169
Epoch: 56, train_loss: 0.23158351860794366, val_loss: 4.494686265425249, val_bleu-3(meme): 0.11687602282478768
Epoch: 57, train_loss: 0.2173694547484903, val_loss: 4.518930729952726, val_bleu-3(meme): 0.11671204827467706
Epoch: 58, train_loss: 0.20807866197006375, val_loss: 4.539943569356745, val_bleu-3(meme): 0.12352967127679233
Epoch: 59, train_loss: 0.1981492146265273, val_loss: 4.571332207593051, val_bleu-3(meme): 0.11293082998164079
Epoch: 60, train_loss: 0.19002850417997322, val_loss: 4.59477392543446, val_bleu-3(meme): 0.12549463596764351
Epoch: 61, train_loss: 0.18162241744644503, val_loss: 4.596415324644609, val_bleu-3(meme): 0.12049153877832607
Epoch: 62, train_loss: 0.17441894014676412, val_loss: 4.641010418805209, val_bleu-3(meme): 0.12218398007374658
Epoch: 63, train_loss: 0.16723745926922443, val_loss: 4.6638185934586955, val_bleu-3(meme): 0.1265731820691892
Epoch: 64, train_loss: 0.16120108436135686, val_loss: 4.673286771774292, val_bleu-3(meme): 0.11957655882937206
Epoch: 65, train_loss: 0.156938725856005, val_loss: 4.6978018500588155, val_bleu-3(meme): 0.11252405711757824
Epoch: 66, train_loss: 0.1530032193836044, val_loss: 4.700373367829756, val_bleu-3(meme): 0.12644995684741372
Epoch: 67, train_loss: 0.14684260002538269, val_loss: 4.737482807853005, val_bleu-3(meme): 0.1346484854229524
Epoch: 68, train_loss: 0.14318736110832178, val_loss: 4.739623819697987, val_bleu-3(meme): 0.12381523355626148
Epoch: 69, train_loss: 0.13889950250878053, val_loss: 4.775374009392478, val_bleu-3(meme): 0.12467833443950257
Epoch: 70, train_loss: 0.1347934270021962, val_loss: 4.803260270032015, val_bleu-3(meme): 0.12191649345606423


Test meme evaluation: 
test_bleu-1(meme): 0.2365403455258041
test_bleu-2(meme): 0.12524633005192543
test_bleu-3(meme): 0.06832267182572499
test_bleu-4(meme): 0.044314753279022984
test_meteor-4(meme): 0.1684054109175605
