val ref: [['три', 'человека', 'позируют', 'для', 'картины', 'за', 'грязным', 'столом', 'с', 'девушкой', 'посередине', 'в', 'желтой', 'рубашке', 'с', 'рисунком', 'женщины', '.']]
val hyp: ['белый', 'мальчик', 'в', 'белой', '-клауса', '.', 'конференции', 'выдающийся', 'к', 'тротуара', 'города', ',', 'из', 'некоторые', '<unk>', 'шлангом', 'люстрами', 'пиво', 'плане', 'с', 'jack', 'улыбающийся', ',', 'джона', 'читает', 'в', 'сидящим', 'с', 'использованием', 'черная', '.']
Epoch: 1, train_loss: 0.7304853528670443, val_loss: 0.5568136240124072, val_bleu-3: 0.005118066289785707
val ref: [['двое', 'детей', 'играют', 'на', 'скалах']]
val hyp: ['сноубордист', 'делает', 'огонь', 'на', 'гору', '.']
Epoch: 2, train_loss: 0.526184123254417, val_loss: 0.4801977315171896, val_bleu-3: 0.011453676151741912
val ref: [['две', 'собаки', 'бегают', 'и', 'играют', 'с', 'коричневой', 'палкой', '.']]
val hyp: ['лодки', 'коричневая', 'собака', 'убивает', 'в', 'позу', 'во', 'дворе', '.']
Epoch: 3, train_loss: 0.4602825565718379, val_loss: 0.44988447785167257, val_bleu-3: 0.012528072367265832
val ref: [['человек', 'звонит', 'по', 'телефону', '.']]
val hyp: ['человек', 'стоит', ',', 'и', 'мужчина', 'с', 'ребенком', 'смотрит', 'возле', 'микроскоп', ',', 'который', 'офицер', 'в', 'синей', 'рубашке', ',']
Epoch: 4, train_loss: 0.4212260241884223, val_loss: 0.43615498145421344, val_bleu-3: 0.01492850188444673
val ref: [['два', 'человека', 'смеются', '.']]
val hyp: ['<unk>', 'дама', 'с', 'белыми', 'волосами', ',', 'улыбающейся', 'в', 'деловом', ',', 'смотрит', 'с', 'книгой', 'с', 'ним', ',']
Epoch: 5, train_loss: 0.39204332626685895, val_loss: 0.43111320552161553, val_bleu-3: 0.015780582290010035
val ref: [['велосипедная', 'гонка', 'на', 'маленькой', 'улице', ',', 'которая', 'изгибается', 'прямо', 'между', 'очень', 'высокими', 'зелеными', 'деревьями', ',', 'и', 'многие', 'люди', 'наблюдают', 'со', 'стороны', ',', 'держащих', 'флаги']]
val hyp: ['туристы', 'пересекают', 'улицу', '.']
Epoch: 6, train_loss: 0.3676885725284109, val_loss: 0.4306771991744874, val_bleu-3: 0.016260376669237755
val ref: [['два', 'работника', 'в', 'лодке', 'грабли', 'пруд']]
val hyp: ['два', 'строителя', ',', 'стоящие', 'с', '<unk>', 'корабля', '.', 'движутся', 'перед', 'большим', 'зданиями', 'и', 'пальмами', '.']
Epoch: 7, train_loss: 0.34625995934054604, val_loss: 0.433111428005565, val_bleu-3: 0.017551736952897405
val ref: [['маленькая', 'девочка', 'в', 'розовом', 'платье', 'бегает', 'в', 'траве']]
val hyp: ['женщина', ',', 'сидящая', 'под', 'травы', '.']
Epoch: 8, train_loss: 0.32729447606559603, val_loss: 0.4373729938289686, val_bleu-3: 0.016953315968767715
val ref: [['<unk>', 'девушка', 'в', 'белом', 'платье', 'с', 'желтой', 'отделкой', 'стоит', 'за', 'пределами', 'серого', 'цвета', ',', 'а', 'перед', 'ней', 'находится', 'белая', 'палатка', 'навеса', 'с', 'несколькими', 'людьми', 'под', 'ним', '.']]
val hyp: ['модная', 'фигуристка', 'делает', 'презентацию', '.']
Epoch: 9, train_loss: 0.31050471896171933, val_loss: 0.44208404135346624, val_bleu-3: 0.017810100060874
val ref: [['две', 'азиатские', 'женщины', 'в', 'белых', 'рубашках', 'и', 'черные', 'шорты', 'стоят', ',', 'одна', 'из', 'которых', 'держит', 'полиэтиленовый', 'пакет', '.']]
val hyp: ['люди', 'идут', 'по', 'дому', 'в', 'гонке', '.']
Epoch: 10, train_loss: 0.2958697018552169, val_loss: 0.4484141419068426, val_bleu-3: 0.017721708711342123
val ref: [['коричневая', 'собака', 'приносит', 'мяч', '.']]
val hyp: ['собака', 'бежит', 'в', 'поле', '.']
Epoch: 11, train_loss: 0.2833348807519075, val_loss: 0.4541411651084873, val_bleu-3: 0.018363943791659502
val ref: [['бездомный', 'мужчина', ',', 'спящий', 'с', 'палкой', 'посреди', 'города', ',', 'в', 'то', 'время', 'как', 'две', 'женщины', 'поднимаются', 'по', 'лестнице', '.']]
val hyp: ['человек', 'строит', '<unk>', 'из', '<unk>', '.']
Epoch: 12, train_loss: 0.2721722267810269, val_loss: 0.46020553335941655, val_bleu-3: 0.01928574545679165
val ref: [['человек', 'в', 'белой', 'куртке', ',', 'играющий', 'на', 'гитаре', '.']]
val hyp: ['мужской', 'танцор', 'поет', 'фанатам', '.']
Epoch: 13, train_loss: 0.2620976182969339, val_loss: 0.46476552247790853, val_bleu-3: 0.01927332049880163
val ref: [['азиатская', 'женщина', 'расчесывает', 'волосы', 'кого', '-то', '.']]
val hyp: ['молодой', 'мальчик', ',', 'одетый', 'в', 'черный', 'наряд', 'и', 'зеленый', 'наряд', 'из', 'защитного', ',', 'исполняет', 'мобильный', 'телефон', 'над', 'девушкой', 'в', 'белой', 'майке', '.']
Epoch: 14, train_loss: 0.2530330799446805, val_loss: 0.4707349309635331, val_bleu-3: 0.018478712034704015
val ref: [['строительная', 'бригада', 'работает', 'на', 'работе', '.']]
val hyp: ['строительная', 'бригада', 'выполняет', 'праздничную', 'на', 'огне', '.']
Epoch: 15, train_loss: 0.24490902357180733, val_loss: 0.4767995618638538, val_bleu-3: 0.019392693736104718
val ref: [['гимнастка', 'переворачивается', 'над', 'землей', '.']]
val hyp: ['гимнастка', 'идет', 'по', 'баре']
Epoch: 16, train_loss: 0.23780267825878126, val_loss: 0.4814411029351031, val_bleu-3: 0.01889607812644686
val ref: [['азиатские', 'люди', 'идут', 'на', 'работу', 'по', 'городу', '.']]
val hyp: ['пара', 'пересекает', 'улицу', 'в', 'торговом', 'центре', '.']
Epoch: 17, train_loss: 0.2307885867442854, val_loss: 0.4881313045293986, val_bleu-3: 0.020906238201698298
val ref: [['молодой', 'человек', 'сфотографирует', 'перед', '<unk>', 'азиатской', 'спортивной', 'команды', ',', 'в', 'то', 'время', 'как', 'ребенок', 'ходит', 'в', 'шаровой', 'шапке', ',', 'идет', 'перед', 'картиной', '.']]
val hyp: ['четыре', 'женщины', 'стоят', 'на', 'станции', ',']
Epoch: 18, train_loss: 0.22451217028784734, val_loss: 0.4928979851581432, val_bleu-3: 0.019622160071841012
val ref: [['два', 'взрослых', 'лама', 'сидят', ',', 'в', 'то', 'время', 'как', 'один', 'малыш', 'лама', '<unk>', 'против', 'своего', '<unk>', ',', 'а', 'другой', 'потирает', 'против', 'своего', 'владельца']]
val hyp: ['человек', 'в', 'фиолетовой', 'куртке', ',', 'держащий', 'в', 'родео', ',', 'сидит', 'на', 'лошади', 'с', 'зеленым', 'велосипедом', ',', 'видимого', 'его', 'ноги', '.']
Epoch: 19, train_loss: 0.21894468928005148, val_loss: 0.49877062366332536, val_bleu-3: 0.02020245755073923
val ref: [['два', 'азиатских', 'или', 'испанских', '<unk>', ',', 'женщина', 'и', 'мужчина', ',', 'сидящие', 'вместе', 'перед', 'стеклянным', 'окном', ',', 'когда', 'проезжают', 'машины', '.']]
val hyp: ['мужчина', 'наклоняется', ',', 'чтобы', 'посмотреть', 'на', 'другой', 'женщине', ',', 'когда', 'у', 'ее', 'дети', 'проходят', 'разговор', ',']
Epoch: 20, train_loss: 0.2138817500793294, val_loss: 0.5042768366227495, val_bleu-3: 0.020258840998987022
val ref: [['человек', 'в', '<unk>', 'одежде', ',', 'состоящий', 'из', '<unk>', 'шляпы', ',', '<unk>', 'и', 'украшенной', 'трости', ',', 'сидит', 'на', 'скамейке', 'за', 'пределами', 'здания', '.']]
val hyp: ['две', 'женщины', 'пишут', 'на', 'поезде', '.']
Epoch: 21, train_loss: 0.2088401703922837, val_loss: 0.5097559821353388, val_bleu-3: 0.020527044116181222
val ref: [['все', 'женщины', 'футболиста', 'пытаются', 'ударить', 'по', 'мячу', ',', 'используя', 'свои', 'головы', 'одновременно', 'во', 'время', '<unk>', 'игры', '.']]
val hyp: ['группа', 'молодых', 'людей', 'в', 'неоновых', 'спортивных', 'рубашках', 'и', 'носках', 'по', 'грязной', 'комнате', 'с', 'синей', 'командой', 'пытается', 'два', 'игрока', ',']
Epoch: 22, train_loss: 0.20420878749405535, val_loss: 0.5162257998656133, val_bleu-3: 0.02206242060315638
val ref: [['<unk>', 'семья', 'идет']]
val hyp: ['группа', 'людей', ',', 'свадебная', 'вечеринка', 'для', 'толпы', '.']
Epoch: 23, train_loss: 0.20028481731586897, val_loss: 0.5205808388598171, val_bleu-3: 0.021420407423476114
val ref: [['пара', 'мужчин', ',', 'играющих', 'в', 'бассейн', '.']]
val hyp: ['женщина', 'этой', 'спортзале', 'держит', 'мяч', '.']
Epoch: 24, train_loss: 0.19612277257492033, val_loss: 0.525310520299528, val_bleu-3: 0.021971882720042007
val ref: [['женщина', 'несет', 'ребенка', 'на', 'пляже', '.']]
val hyp: ['женщина', ',', 'стоящая', 'на', 'пляже', 'у', 'девочек', '.']
Epoch: 25, train_loss: 0.19253614347763162, val_loss: 0.5312718652333321, val_bleu-3: 0.020157257009096805
val ref: [['люди', 'едут', 'на', 'мотоциклах', 'на', 'улице', '.']]
val hyp: ['человек', 'толкает', 'двухколесную', 'тележку', '.']
Epoch: 26, train_loss: 0.18888393203282303, val_loss: 0.5353354678688016, val_bleu-3: 0.02085815211475468
val ref: [['маленький', 'мальчик', 'покрывает', 'глаза', '.']]
val hyp: ['сидя', ',', 'мужчина', 'в', 'черной', 'и', 'розовой', 'полосатой', 'рубашке', 'и', 'коричневых', 'брюках', 'жестов', 'сидит', 'на', 'коленях', '.', 'глядя', 'на', 'каноэ', '.']
Epoch: 27, train_loss: 0.1855598767024049, val_loss: 0.540794397157336, val_bleu-3: 0.022595272750752016
val ref: [['жокей', ',', '<unk>', 'лошадь', 'по', 'грунтовой', 'трассе', '.']]
val hyp: ['маленькая', 'девочка', ',', 'катаясь', 'на', 'лошади', '.']
Epoch: 28, train_loss: 0.1828982978045535, val_loss: 0.5456318404834317, val_bleu-3: 0.021168445338747205
val ref: [['человек', 'без', 'рубашки', 'с', 'белой', 'шляпой', 'и', 'туфлями', ',', 'сидящими', '<unk>', 'спиной', 'к', 'стене', ',', 'держась', 'в', 'белой', 'пластиковой', 'чашке', '.']]
val hyp: ['<unk>', '<unk>', 'работающие', 'в', 'их', '<unk>', '.']
Epoch: 29, train_loss: 0.1802332298555612, val_loss: 0.5504214796755049, val_bleu-3: 0.021888120666357484
val ref: [['человек', 'в', 'ковбойской', 'шляпе', 'ездит', 'на', 'лошади', '.']]
val hyp: ['мужчина', '-гонщик', 'сохраняет', 'равновесие', ',', 'пока', 'другие', 'смотрят', '.']
Epoch: 30, train_loss: 0.17726797678100278, val_loss: 0.5553060794738656, val_bleu-3: 0.02301701127542525
Starting training meme captions